info it worked if it ends with ok
verbose cli [ 'node', '/usr/bin/npm', 'install', 'react-bootstrap' ]
info using npm@1.1.4
info using node@v0.6.12
verbose config file /home/cwlo/.npmrc
verbose config file /usr/etc/npmrc
verbose config file /usr/share/npm/npmrc
verbose cache add [ 'react-bootstrap', null ]
silly cache add: name, spec, args [ undefined, 'react-bootstrap', [ 'react-bootstrap', null ] ]
verbose parsed url { pathname: 'react-bootstrap',
verbose parsed url   path: 'react-bootstrap',
verbose parsed url   href: 'react-bootstrap' }
verbose addNamed [ 'react-bootstrap', '' ]
verbose addNamed [ null, '' ]
silly name, range, hasData [ 'react-bootstrap', '', false ]
verbose raw, before any munging react-bootstrap
verbose url resolving [ 'https://registry.npmjs.org/', './react-bootstrap' ]
verbose url resolved https://registry.npmjs.org/react-bootstrap
http GET https://registry.npmjs.org/react-bootstrap
ERR! Error: failed to fetch from registry: react-bootstrap
ERR!     at /usr/share/npm/lib/utils/npm-registry-client/get.js:139:12
ERR!     at cb (/usr/share/npm/lib/utils/npm-registry-client/request.js:31:9)
ERR!     at Request._callback (/usr/share/npm/lib/utils/npm-registry-client/request.js:136:18)
ERR!     at Request.callback (/usr/lib/nodejs/request/main.js:119:22)
ERR!     at Request.<anonymous> (/usr/lib/nodejs/request/main.js:212:58)
ERR!     at Request.emit (events.js:88:20)
ERR!     at ClientRequest.<anonymous> (/usr/lib/nodejs/request/main.js:412:12)
ERR!     at ClientRequest.emit (events.js:67:17)
ERR!     at HTTPParser.onIncoming (http.js:1261:11)
ERR!     at HTTPParser.onHeadersComplete (http.js:102:31)
ERR! You may report this log at:
ERR!     <http://bugs.debian.org/npm>
ERR! or use
ERR!     reportbug --attach /home/cwlo/nctuplus/npm-debug.log npm
ERR! 
ERR! System Linux 3.13.0-32-generic
ERR! command "node" "/usr/bin/npm" "install" "react-bootstrap"
ERR! cwd /home/cwlo/nctuplus
ERR! node -v v0.6.12
ERR! npm -v 1.1.4
ERR! message failed to fetch from registry: react-bootstrap
verbose exit [ 1, true ]
